<?xml version="1.0" encoding="UTF-8"?>
<!-- Generated by org.testng.reporters.JUnitXMLReporter -->
<testsuite ignored="0" hostname="DESKTOP-750D131" failures="0" tests="30" name="Default test" time="53.665" errors="0" timestamp="2022-06-30T15:21:39 IST">
  <testcase classname="com.DataProviderAdvance.Advance1" name="launchbrowser" time="3.127"/>
  <testcase classname="com.DataProviderAdvance.Advance1" name="navigate" time="2.337"/>
  <testcase classname="com.DataProviderAdvance.Advance1" name="login1" time="5.615"/>
  <testcase classname="com.DataProviderAdvance.Advance1" name="minimizewindow" time="1.749"/>
  <testcase classname="com.DataProviderAdvance.Advance1" name="createuser1" time="13.291"/>
  <testcase classname="com.DataProviderAdvance.Advance1" name="createuser2" time="1.277"/>
  <testcase classname="com.DataProviderAdvance.Advance1" name="createuser3" time="1.07"/>
  <testcase classname="com.DataProviderAdvance.Advance1" name="logout1" time="1.205"/>
  <testcase classname="com.DataProviderAdvance.Advance1" name="Loginuser1" time="1.269"/>
  <testcase classname="com.DataProviderAdvance.Advance1" name="logoutuser1" time="1.129"/>
  <testcase classname="com.DataProviderAdvance.Advance1" name="Loginuser2" time="1.229"/>
  <testcase classname="com.DataProviderAdvance.Advance1" name="logoutuser2" time="1.126"/>
  <testcase classname="com.DataProviderAdvance.Advance1" name="Loginuser3" time="1.205"/>
  <testcase classname="com.DataProviderAdvance.Advance1" name="logoutuser3" time="1.135"/>
  <testcase classname="com.DataProviderAdvance.Advance1" name="modifyuser1" time="1.144"/>
  <testcase classname="com.DataProviderAdvance.Advance1" name="modifyuser2" time="1.162"/>
  <testcase classname="com.DataProviderAdvance.Advance1" name="modifyuser3" time="1.12"/>
  <testcase classname="com.DataProviderAdvance.Advance1" name="logout2" time="1.146"/>
  <testcase classname="com.DataProviderAdvance.Advance1" name="Loginuser11" time="1.17"/>
  <testcase classname="com.DataProviderAdvance.Advance1" name="logoutuser11" time="1.101"/>
  <testcase classname="com.DataProviderAdvance.Advance1" name="Loginuser22" time="1.168"/>
  <testcase classname="com.DataProviderAdvance.Advance1" name="logoutuser22" time="1.097"/>
  <testcase classname="com.DataProviderAdvance.Advance1" name="Loginuser33" time="1.222"/>
  <testcase classname="com.DataProviderAdvance.Advance1" name="logoutuser33" time="1.172"/>
  <testcase classname="com.DataProviderAdvance.Advance1" name="login" time="0.059"/>
  <testcase classname="com.DataProviderAdvance.Advance1" name="Deleteuser1" time="1.099"/>
  <testcase classname="com.DataProviderAdvance.Advance1" name="Deleteuser2" time="1.154"/>
  <testcase classname="com.DataProviderAdvance.Advance1" name="Deleteuser3" time="1.163"/>
  <testcase classname="com.DataProviderAdvance.Advance1" name="logout3" time="1.11"/>
  <testcase classname="com.DataProviderAdvance.Advance1" name="closeapplication" time="0.532"/>
</testsuite> <!-- Default test -->
