<?xml version="1.0" encoding="UTF-8"?>
<!-- Generated by org.testng.reporters.JUnitXMLReporter -->
<testsuite ignored="0" hostname="DESKTOP-750D131" failures="0" tests="68" name="AdvanceScenarios" time="179.724" errors="0" timestamp="2022-06-10T18:40:06 IST">
  <testcase classname="com.DataProviderAdvance.Advance1" name="launchbrowser" time="2.925"/>
  <testcase classname="com.DataProviderAdvance.Advance1" name="navigate" time="2.393"/>
  <testcase classname="com.DataProviderAdvance.Advance1" name="login1" time="5.34"/>
  <testcase classname="com.DataProviderAdvance.Advance1" name="minimizewindow" time="1.722"/>
  <testcase classname="com.DataProviderAdvance.Advance1" name="createuser1" time="27.69"/>
  <testcase classname="com.DataProviderAdvance.Advance1" name="createuser2" time="1.201"/>
  <testcase classname="com.DataProviderAdvance.Advance1" name="createuser3" time="1.058"/>
  <testcase classname="com.DataProviderAdvance.Advance1" name="logout1" time="1.135"/>
  <testcase classname="com.DataProviderAdvance.Advance1" name="Loginuser1" time="1.169"/>
  <testcase classname="com.DataProviderAdvance.Advance1" name="logoutuser1" time="1.063"/>
  <testcase classname="com.DataProviderAdvance.Advance1" name="Loginuser2" time="1.123"/>
  <testcase classname="com.DataProviderAdvance.Advance1" name="logoutuser2" time="1.095"/>
  <testcase classname="com.DataProviderAdvance.Advance1" name="Loginuser3" time="1.12"/>
  <testcase classname="com.DataProviderAdvance.Advance1" name="logoutuser3" time="1.076"/>
  <testcase classname="com.DataProviderAdvance.Advance1" name="modifyuser1" time="1.094"/>
  <testcase classname="com.DataProviderAdvance.Advance1" name="modifyuser2" time="1.095"/>
  <testcase classname="com.DataProviderAdvance.Advance1" name="modifyuser3" time="1.086"/>
  <testcase classname="com.DataProviderAdvance.Advance1" name="logout2" time="1.074"/>
  <testcase classname="com.DataProviderAdvance.Advance1" name="Loginuser11" time="1.132"/>
  <testcase classname="com.DataProviderAdvance.Advance1" name="logoutuser11" time="1.082"/>
  <testcase classname="com.DataProviderAdvance.Advance1" name="Loginuser22" time="1.124"/>
  <testcase classname="com.DataProviderAdvance.Advance1" name="logoutuser22" time="1.081"/>
  <testcase classname="com.DataProviderAdvance.Advance1" name="Loginuser33" time="1.117"/>
  <testcase classname="com.DataProviderAdvance.Advance1" name="logoutuser33" time="1.055"/>
  <testcase classname="com.DataProviderAdvance.Advance1" name="login" time="0.023"/>
  <testcase classname="com.DataProviderAdvance.Advance1" name="Deleteuser1" time="1.073"/>
  <testcase classname="com.DataProviderAdvance.Advance1" name="Deleteuser2" time="1.064"/>
  <testcase classname="com.DataProviderAdvance.Advance1" name="Deleteuser3" time="1.085"/>
  <testcase classname="com.DataProviderAdvance.Advance1" name="logout3" time="1.072"/>
  <testcase classname="com.DataProviderAdvance.Advance1" name="closeapplication" time="0.384"/>
  <testcase classname="com.DataProviderAdvance.Advance2" name="launchbrowser" time="1.206"/>
  <testcase classname="com.DataProviderAdvance.Advance2" name="navigate" time="4.663"/>
  <testcase classname="com.DataProviderAdvance.Advance2" name="Login1" time="3.292"/>
  <testcase classname="com.DataProviderAdvance.Advance2" name="minimizewindow" time="0.562"/>
  <testcase classname="com.DataProviderAdvance.Advance2" name="createuser1" time="13.561"/>
  <testcase classname="com.DataProviderAdvance.Advance2" name="logout1" time="1.291"/>
  <testcase classname="com.DataProviderAdvance.Advance2" name="Loginuser1" time="23.323"/>
  <testcase classname="com.DataProviderAdvance.Advance2" name="createuser2" time="10.848"/>
  <testcase classname="com.DataProviderAdvance.Advance2" name="logout2" time="1.368"/>
  <testcase classname="com.DataProviderAdvance.Advance2" name="Loginuser2" time="13.508"/>
  <testcase classname="com.DataProviderAdvance.Advance2" name="createuser3" time="10.979"/>
  <testcase classname="com.DataProviderAdvance.Advance2" name="logout3" time="1.076"/>
  <testcase classname="com.DataProviderAdvance.Advance2" name="Loginuser3" time="1.146"/>
  <testcase classname="com.DataProviderAdvance.Advance2" name="logout4" time="1.075"/>
  <testcase classname="com.DataProviderAdvance.Advance2" name="Loginuser22" time="1.131"/>
  <testcase classname="com.DataProviderAdvance.Advance2" name="modifyuser3" time="1.082"/>
  <testcase classname="com.DataProviderAdvance.Advance2" name="logout11" time="1.101"/>
  <testcase classname="com.DataProviderAdvance.Advance2" name="Loginuser33" time="1.137"/>
  <testcase classname="com.DataProviderAdvance.Advance2" name="logout6" time="1.087"/>
  <testcase classname="com.DataProviderAdvance.Advance2" name="Loginuser11" time="1.111"/>
  <testcase classname="com.DataProviderAdvance.Advance2" name="modifyuser2" time="1.069"/>
  <testcase classname="com.DataProviderAdvance.Advance2" name="logout5" time="1.124"/>
  <testcase classname="com.DataProviderAdvance.Advance2" name="Loginuser222" time="1.144"/>
  <testcase classname="com.DataProviderAdvance.Advance2" name="logout7" time="1.066"/>
  <testcase classname="com.DataProviderAdvance.Advance2" name="Login2" time="1.117"/>
  <testcase classname="com.DataProviderAdvance.Advance2" name="modifyuser1" time="1.079"/>
  <testcase classname="com.DataProviderAdvance.Advance2" name="logout8" time="1.085"/>
  <testcase classname="com.DataProviderAdvance.Advance2" name="Loginuser111" time="1.127"/>
  <testcase classname="com.DataProviderAdvance.Advance2" name="Deleteuser2" time="1.106"/>
  <testcase classname="com.DataProviderAdvance.Advance2" name="logout12" time="1.09"/>
  <testcase classname="com.DataProviderAdvance.Advance2" name="Loginuser2222" time="1.119"/>
  <testcase classname="com.DataProviderAdvance.Advance2" name="Deleteuser3" time="1.091"/>
  <testcase classname="com.DataProviderAdvance.Advance2" name="logout13" time="1.07"/>
  <testcase classname="com.DataProviderAdvance.Advance2" name="Loginuser333" time="1.119"/>
  <testcase classname="com.DataProviderAdvance.Advance2" name="Deleteuser1" time="1.105"/>
  <testcase classname="com.DataProviderAdvance.Advance2" name="Login3" time="1.091"/>
  <testcase classname="com.DataProviderAdvance.Advance2" name="logout14" time="1.043"/>
  <testcase classname="com.DataProviderAdvance.Advance2" name="closeapp" time="0.436"/>
</testsuite> <!-- AdvanceScenarios -->
