<?xml version="1.0" encoding="UTF-8"?>
<!-- Generated by org.testng.reporters.JUnitXMLReporter -->
<testsuite ignored="0" hostname="DESKTOP-750D131" failures="0" tests="68" name="BasicScenarios" time="237.33" errors="0" timestamp="2022-06-10T19:05:11 IST">
  <testcase classname="com.DataProviderbasic.agss1" name="LaunchBrowser" time="3.315"/>
  <testcase classname="com.DataProviderbasic.agss1" name="Navigate" time="5.494"/>
  <testcase classname="com.DataProviderbasic.agss1" name="login" time="5.377"/>
  <testcase classname="com.DataProviderbasic.agss1" name="minimizewindow" time="2.746"/>
  <testcase classname="com.DataProviderbasic.agss1" name="createuser" time="22.878"/>
  <testcase classname="com.DataProviderbasic.agss1" name="deleteuser" time="4.437"/>
  <testcase classname="com.DataProviderbasic.agss1" name="logout" time="2.678"/>
  <testcase classname="com.DataProviderbasic.agss1" name="closeAplication" time="0.481"/>
  <testcase classname="com.DataProviderbasic.agss2" name="LaunchBrowser" time="1.348"/>
  <testcase classname="com.DataProviderbasic.agss2" name="Navigate" time="1.798"/>
  <testcase classname="com.DataProviderbasic.agss2" name="login" time="5.392"/>
  <testcase classname="com.DataProviderbasic.agss2" name="minimizewindow" time="1.688"/>
  <testcase classname="com.DataProviderbasic.agss2" name="createuser" time="17.385"/>
  <testcase classname="com.DataProviderbasic.agss2" name="modifyuser" time="4.853"/>
  <testcase classname="com.DataProviderbasic.agss2" name="deleteuser" time="2.365"/>
  <testcase classname="com.DataProviderbasic.agss2" name="logout" time="0.607"/>
  <testcase classname="com.DataProviderbasic.agss2" name="closeAplication" time="0.429"/>
  <testcase classname="com.DataProviderbasic.agss3" name="launch" time="1.225"/>
  <testcase classname="com.DataProviderbasic.agss3" name="navigate" time="4.039"/>
  <testcase classname="com.DataProviderbasic.agss3" name="login" time="5.428"/>
  <testcase classname="com.DataProviderbasic.agss3" name="createcustomer" time="9.034"/>
  <testcase classname="com.DataProviderbasic.agss3" name="deletecustomer" time="4.849"/>
  <testcase classname="com.DataProviderbasic.agss3" name="minimizewindow" time="2.086"/>
  <testcase classname="com.DataProviderbasic.agss3" name="logout" time="2.54"/>
  <testcase classname="com.DataProviderbasic.agss3" name="closeapp" time="0.383"/>
  <testcase classname="com.DataProviderbasic.agss4" name="launch" time="1.31"/>
  <testcase classname="com.DataProviderbasic.agss4" name="navigate" time="3.923"/>
  <testcase classname="com.DataProviderbasic.agss4" name="login" time="5.367"/>
  <testcase classname="com.DataProviderbasic.agss4" name="createcustomer" time="8.991"/>
  <testcase classname="com.DataProviderbasic.agss4" name="modifycustomer" time="5.915"/>
  <testcase classname="com.DataProviderbasic.agss4" name="minimizewindow" time="2.146"/>
  <testcase classname="com.DataProviderbasic.agss4" name="deletecustomer" time="4.767"/>
  <testcase classname="com.DataProviderbasic.agss4" name="logout" time="0.527"/>
  <testcase classname="com.DataProviderbasic.agss4" name="closeapp" time="0.314"/>
  <testcase classname="com.DataProviderbasic.agss5" name="LaunchBrowser" time="1.274"/>
  <testcase classname="com.DataProviderbasic.agss5" name="navigate" time="1.893"/>
  <testcase classname="com.DataProviderbasic.agss5" name="login" time="5.382"/>
  <testcase classname="com.DataProviderbasic.agss5" name="minimizewindow" time="0.607"/>
  <testcase classname="com.DataProviderbasic.agss5" name="createcustomer" time="6.122"/>
  <testcase classname="com.DataProviderbasic.agss5" name="createproject" time="4.689"/>
  <testcase classname="com.DataProviderbasic.agss5" name="deleteproject" time="8.859"/>
  <testcase classname="com.DataProviderbasic.agss5" name="deletecustomer" time="6.831"/>
  <testcase classname="com.DataProviderbasic.agss5" name="logout" time="0.421"/>
  <testcase classname="com.DataProviderbasic.agss5" name="closeapp" time="0.367"/>
  <testcase classname="com.DataProviderbasic.agss6" name="LaunchBrowser" time="1.373"/>
  <testcase classname="com.DataProviderbasic.agss6" name="navigate" time="1.744"/>
  <testcase classname="com.DataProviderbasic.agss6" name="login" time="5.432"/>
  <testcase classname="com.DataProviderbasic.agss6" name="minimizewindow" time="0.647"/>
  <testcase classname="com.DataProviderbasic.agss6" name="createcustomer" time="6.284"/>
  <testcase classname="com.DataProviderbasic.agss6" name="createproject" time="4.604"/>
  <testcase classname="com.DataProviderbasic.agss6" name="modifyproject" time="9.078"/>
  <testcase classname="com.DataProviderbasic.agss6" name="deleteproject" time="8.695"/>
  <testcase classname="com.DataProviderbasic.agss6" name="deletecustomer" time="3.251"/>
  <testcase classname="com.DataProviderbasic.agss6" name="logout" time="0.495"/>
  <testcase classname="com.DataProviderbasic.agss6" name="closeapp" time="0.247"/>
  <testcase classname="com.DataProviderbasic.agss7" name="LaunchBrowser" time="1.255"/>
  <testcase classname="com.DataProviderbasic.agss7" name="navigate" time="1.734"/>
  <testcase classname="com.DataProviderbasic.agss7" name="login" time="5.509"/>
  <testcase classname="com.DataProviderbasic.agss7" name="minimizewindow" time="1.266"/>
  <testcase classname="com.DataProviderbasic.agss7" name="createcustomer" time="1.162"/>
  <testcase classname="com.DataProviderbasic.agss7" name="createproject" time="0.065"/>
  <testcase classname="com.DataProviderbasic.agss7" name="modifyproject" time="0.022"/>
  <testcase classname="com.DataProviderbasic.agss7" name="createtask" time="0.026"/>
  <testcase classname="com.DataProviderbasic.agss7" name="deletetask" time="0.023"/>
  <testcase classname="com.DataProviderbasic.agss7" name="deleteproject" time="0.019"/>
  <testcase classname="com.DataProviderbasic.agss7" name="deletecustomer" time="0.032"/>
  <testcase classname="com.DataProviderbasic.agss7" name="logout" time="1.093"/>
  <testcase classname="com.DataProviderbasic.agss7" name="closeapp" time="0.291"/>
</testsuite> <!-- BasicScenarios -->
