<?xml version="1.0" encoding="UTF-8"?>
<!-- Generated by org.testng.reporters.JUnitXMLReporter -->
<testsuite ignored="0" hostname="DESKTOP-750D131" failures="0" tests="3" name="Default test" time="0.081" errors="0" timestamp="2023-05-01T16:43:45 IST">
  <testcase classname="product.demoproduct" name="createProduct" time="0.007"/>
  <testcase classname="product.demoproduct" name="deleteProduct" time="0.002"/>
  <testcase classname="product.demoproduct" name="modifyProduct" time="0.002"/>
</testsuite> <!-- Default test -->
